<?xml version="1.0" encoding="UTF-8"?>
<testng-results skipped="0" failed="0" total="1" passed="1">
  <reporter-output>
  </reporter-output>
  <suite name="Default suite" duration-ms="5058" started-at="2017-06-07T13:29:42Z" finished-at="2017-06-07T13:29:47Z">
    <groups>
    </groups>
    <test name="Default test" duration-ms="5058" started-at="2017-06-07T13:29:42Z" finished-at="2017-06-07T13:29:47Z">
      <class name="testGroup.mavenSelenium.AppTest">
        <test-method status="PASS" signature="loadApp()[pri:0, instance:testGroup.mavenSelenium.AppTest@18be83e4]" name="loadApp" duration-ms="5046" started-at="2017-06-07T18:59:42Z" finished-at="2017-06-07T18:59:47Z">
          <reporter-output>
          </reporter-output>
        </test-method> <!-- loadApp -->
      </class> <!-- testGroup.mavenSelenium.AppTest -->
    </test> <!-- Default test -->
  </suite> <!-- Default suite -->
</testng-results>
