<?xml version="1.0" encoding="UTF-8"?>
<testng-results skipped="0" failed="0" total="1" passed="1">
  <reporter-output>
  </reporter-output>
  <suite name="testGroup.mavenSelenium.AppTest" duration-ms="11390" started-at="2017-06-09T12:36:31Z" finished-at="2017-06-09T12:36:43Z">
    <groups>
    </groups>
    <test name="Command line test" duration-ms="11390" started-at="2017-06-09T12:36:31Z" finished-at="2017-06-09T12:36:43Z">
      <class name="testGroup.mavenSelenium.AppTest">
        <test-method status="PASS" signature="loadApp()[pri:0, instance:testGroup.mavenSelenium.AppTest@38082d64]" name="loadApp" duration-ms="11375" started-at="2017-06-09T18:06:31Z" finished-at="2017-06-09T18:06:43Z">
          <reporter-output>
          </reporter-output>
        </test-method> <!-- loadApp -->
      </class> <!-- testGroup.mavenSelenium.AppTest -->
    </test> <!-- Command line test -->
  </suite> <!-- testGroup.mavenSelenium.AppTest -->
</testng-results>
